<?xml version="1.0" encoding="UTF-8"?>
<!-- Generated by org.testng.reporters.JUnitXMLReporter -->
<testsuite ignored="0" hostname="DESKTOP-G7T236P" failures="0" tests="3" name="Default test" time="12.292" errors="0" timestamp="2025-01-07T11:29:07 IST">
  <testcase classname="Tests.AdminLoginTest" name="adminLogin" time="3.58"/>
  <testcase classname="Tests.AdminLoginTest" name="navigateToJobsPage" time="0.235"/>
  <testcase classname="Tests.AdminLoginTest" name="fillJobDetails" time="4.741"/>
</testsuite> <!-- Default test -->
