<?xml version="1.0" encoding="UTF-8"?>
<!-- Generated by org.testng.reporters.JUnitXMLReporter -->
<testsuite ignored="0" hostname="DESKTOP-G7T236P" failures="1" tests="10" name="Test" time="86.658" errors="0" timestamp="2025-01-09T11:17:49 IST">
  <testcase classname="Tests.AdminLoginTest" name="adminLogin" time="37.533"/>
  <testcase classname="Tests.AdminLoginTest" name="navigateToJobsPage" time="0.189"/>
  <testcase classname="Tests.AdminLoginTest" name="fillJobDetails" time="10.16"/>
  <testcase classname="Tests.ApproveUser" name="superAdminLoginTest" time="1.897"/>
  <testcase classname="Tests.ResourcesTest" name="validateNavigationItems" time="0.145"/>
  <testcase classname="Tests.ResourcesTest" name="validateLoginButtonFunctionality" time="1.163">
    <failure type="org.openqa.selenium.ElementClickInterceptedException" message="element click intercepted: Element &amp;lt;button _ngcontent-ng-c2149987414=&amp;quot;&amp;quot; routerlink=&amp;quot;/login&amp;quot; class=&amp;quot;login-button&amp;quot; tabindex=&amp;quot;0&amp;quot;&amp;gt;...&amp;lt;/button&amp;gt; is not clickable at point (1429, 61). Other element would receive the click: &amp;lt;div _ngcontent-ng-c1499588966=&amp;quot;&amp;quot; class=&amp;quot;popup-container&amp;quot;&amp;gt;...&amp;lt;/div&amp;gt;
  (Session info: chrome=131.0.6778.265)
Build info: version: &amp;apos;4.12.0&amp;apos;, revision: &amp;apos;249f2a7d1b*&amp;apos;
System info: os.name: &amp;apos;Windows 10&amp;apos;, os.arch: &amp;apos;amd64&amp;apos;, os.version: &amp;apos;10.0&amp;apos;, java.version: &amp;apos;21.0.5&amp;apos;
Driver info: org.openqa.selenium.chrome.ChromeDriver
Command: [d27f99ffbebacde2526dc7cef70430a0, clickElement {id=f.894DA47378A99E6D25AB44CB6DD06B83.d.99E1135F8600DB645CC4B017A6038024.e.14}]
Capabilities {acceptInsecureCerts: false, browserName: chrome, browserVersion: 131.0.6778.265, chrome: {chromedriverVersion: 131.0.6778.264 (2d05e315153..., userDataDir: C:\Users\Dell\AppData\Local...}, fedcm:accounts: true, goog:chromeOptions: {debuggerAddress: localhost:63940}, networkConnectionEnabled: false, pageLoadStrategy: normal, platformName: windows, proxy: Proxy(), se:cdp: ws://localhost:63940/devtoo..., se:cdpVersion: 131.0.6778.265, setWindowRect: true, strictFileInteractability: false, timeouts: {implicit: 0, pageLoad: 300000, script: 30000}, unhandledPromptBehavior: dismiss and notify, webauthn:extension:credBlob: true, webauthn:extension:largeBlob: true, webauthn:extension:minPinLength: true, webauthn:extension:prf: true, webauthn:virtualAuthenticators: true}
Element: [[ChromeDriver: chrome on windows (d27f99ffbebacde2526dc7cef70430a0)] -&amp;gt; xpath: //button[normalize-space()=&amp;apos;Login&amp;apos;]]
Session ID: d27f99ffbebacde2526dc7cef70430a0">
      <![CDATA[org.openqa.selenium.ElementClickInterceptedException: element click intercepted: Element <button _ngcontent-ng-c2149987414="" routerlink="/login" class="login-button" tabindex="0">...</button> is not clickable at point (1429, 61). Other element would receive the click: <div _ngcontent-ng-c1499588966="" class="popup-container">...</div>
  (Session info: chrome=131.0.6778.265)
Build info: version: '4.12.0', revision: '249f2a7d1b*'
System info: os.name: 'Windows 10', os.arch: 'amd64', os.version: '10.0', java.version: '21.0.5'
Driver info: org.openqa.selenium.chrome.ChromeDriver
Command: [d27f99ffbebacde2526dc7cef70430a0, clickElement {id=f.894DA47378A99E6D25AB44CB6DD06B83.d.99E1135F8600DB645CC4B017A6038024.e.14}]
Capabilities {acceptInsecureCerts: false, browserName: chrome, browserVersion: 131.0.6778.265, chrome: {chromedriverVersion: 131.0.6778.264 (2d05e315153..., userDataDir: C:\Users\Dell\AppData\Local...}, fedcm:accounts: true, goog:chromeOptions: {debuggerAddress: localhost:63940}, networkConnectionEnabled: false, pageLoadStrategy: normal, platformName: windows, proxy: Proxy(), se:cdp: ws://localhost:63940/devtoo..., se:cdpVersion: 131.0.6778.265, setWindowRect: true, strictFileInteractability: false, timeouts: {implicit: 0, pageLoad: 300000, script: 30000}, unhandledPromptBehavior: dismiss and notify, webauthn:extension:credBlob: true, webauthn:extension:largeBlob: true, webauthn:extension:minPinLength: true, webauthn:extension:prf: true, webauthn:virtualAuthenticators: true}
Element: [[ChromeDriver: chrome on windows (d27f99ffbebacde2526dc7cef70430a0)] -> xpath: //button[normalize-space()='Login']]
Session ID: d27f99ffbebacde2526dc7cef70430a0
at org.openqa.selenium.remote.codec.w3c.W3CHttpResponseCodec.createException(W3CHttpResponseCodec.java:200)
at org.openqa.selenium.remote.codec.w3c.W3CHttpResponseCodec.decode(W3CHttpResponseCodec.java:133)
at org.openqa.selenium.remote.codec.w3c.W3CHttpResponseCodec.decode(W3CHttpResponseCodec.java:52)
at org.openqa.selenium.remote.HttpCommandExecutor.execute(HttpCommandExecutor.java:191)
at org.openqa.selenium.remote.service.DriverCommandExecutor.invokeExecute(DriverCommandExecutor.java:196)
at org.openqa.selenium.remote.service.DriverCommandExecutor.execute(DriverCommandExecutor.java:171)
at org.openqa.selenium.remote.RemoteWebDriver.execute(RemoteWebDriver.java:602)
at org.openqa.selenium.remote.RemoteWebElement.execute(RemoteWebElement.java:224)
at org.openqa.selenium.remote.RemoteWebElement.click(RemoteWebElement.java:77)
at Tests.ResourcesTest.validateLoginButtonFunctionality(ResourcesTest.java:57)
at java.base/java.util.ArrayList.forEach(ArrayList.java:1596)
... Removed 28 stack frames]]>
    </failure>
  </testcase> <!-- validateLoginButtonFunctionality -->
  <testcase classname="Tests.AcchajobTest" name="searchJobTest" time="0.313"/>
  <testcase classname="Tests.AcchajobTest" name="adminLoginTest" time="3.888"/>
  <testcase classname="Tests.InternshipTest" name="fillInternshipForm" time="2.064"/>
  <testcase classname="Tests.Adminregistertest" name="testValidRegistration" time="1.802"/>
</testsuite> <!-- Test -->
