<?xml version="1.0" encoding="UTF-8"?>
<testng-results ignored="0" total="10" passed="9" failed="1" skipped="0">
  <reporter-output>
  </reporter-output>
  <suite started-at="2025-01-09T11:16:22 IST" name="Suite" finished-at="2025-01-09T11:17:49 IST" duration-ms="86658">
    <groups>
    </groups>
    <test started-at="2025-01-09T11:16:22 IST" name="Test" finished-at="2025-01-09T11:17:49 IST" duration-ms="86658">
      <class name="Tests.Adminregistertest">
        <test-method is-config="true" signature="setUp()[pri:0, instance:Tests.Adminregistertest@687e99d8]" started-at="2025-01-09T11:17:43 IST" name="setUp" finished-at="2025-01-09T11:17:47 IST" duration-ms="4020" status="PASS">
          <reporter-output>
          </reporter-output>
        </test-method> <!-- setUp -->
        <test-method signature="testValidRegistration()[pri:1, instance:Tests.Adminregistertest@687e99d8]" started-at="2025-01-09T11:17:47 IST" name="testValidRegistration" finished-at="2025-01-09T11:17:48 IST" duration-ms="1802" status="PASS">
          <reporter-output>
          </reporter-output>
        </test-method> <!-- testValidRegistration -->
        <test-method is-config="true" signature="tearDown()[pri:0, instance:Tests.Adminregistertest@687e99d8]" started-at="2025-01-09T11:17:48 IST" name="tearDown" finished-at="2025-01-09T11:17:49 IST" duration-ms="421" status="PASS">
          <reporter-output>
          </reporter-output>
        </test-method> <!-- tearDown -->
      </class> <!-- Tests.Adminregistertest -->
      <class name="Tests.AdminLoginTest">
        <test-method is-config="true" signature="setUp()[pri:0, instance:Tests.AdminLoginTest@4009e306]" started-at="2025-01-09T11:16:22 IST" name="setUp" finished-at="2025-01-09T11:16:23 IST" duration-ms="739" status="PASS">
          <reporter-output>
          </reporter-output>
        </test-method> <!-- setUp -->
        <test-method signature="adminLogin()[pri:1, instance:Tests.AdminLoginTest@4009e306]" started-at="2025-01-09T11:16:23 IST" name="adminLogin" finished-at="2025-01-09T11:17:01 IST" duration-ms="37533" status="PASS">
          <reporter-output>
          </reporter-output>
        </test-method> <!-- adminLogin -->
        <test-method signature="navigateToJobsPage()[pri:2, instance:Tests.AdminLoginTest@4009e306]" started-at="2025-01-09T11:17:01 IST" name="navigateToJobsPage" finished-at="2025-01-09T11:17:01 IST" depends-on-methods="Tests.AdminLoginTest.adminLogin" duration-ms="189" status="PASS">
          <reporter-output>
          </reporter-output>
        </test-method> <!-- navigateToJobsPage -->
        <test-method signature="fillJobDetails()[pri:3, instance:Tests.AdminLoginTest@4009e306]" started-at="2025-01-09T11:17:01 IST" name="fillJobDetails" finished-at="2025-01-09T11:17:11 IST" depends-on-methods="Tests.AdminLoginTest.navigateToJobsPage" duration-ms="10160" status="PASS">
          <reporter-output>
          </reporter-output>
        </test-method> <!-- fillJobDetails -->
        <test-method is-config="true" signature="tearDown()[pri:0, instance:Tests.AdminLoginTest@4009e306]" started-at="2025-01-09T11:17:11 IST" name="tearDown" finished-at="2025-01-09T11:17:11 IST" duration-ms="363" status="PASS">
          <reporter-output>
          </reporter-output>
        </test-method> <!-- tearDown -->
      </class> <!-- Tests.AdminLoginTest -->
      <class name="Tests.ApproveUser">
        <test-method is-config="true" signature="setUp()[pri:0, instance:Tests.ApproveUser@6913c1fb]" started-at="2025-01-09T11:17:11 IST" name="setUp" finished-at="2025-01-09T11:17:16 IST" duration-ms="4932" status="PASS">
          <reporter-output>
          </reporter-output>
        </test-method> <!-- setUp -->
        <test-method signature="superAdminLoginTest()[pri:1, instance:Tests.ApproveUser@6913c1fb]" started-at="2025-01-09T11:17:16 IST" name="superAdminLoginTest" finished-at="2025-01-09T11:17:18 IST" duration-ms="1897" status="PASS">
          <reporter-output>
          </reporter-output>
        </test-method> <!-- superAdminLoginTest -->
        <test-method is-config="true" signature="tearDown()[pri:0, instance:Tests.ApproveUser@6913c1fb]" started-at="2025-01-09T11:17:18 IST" name="tearDown" finished-at="2025-01-09T11:17:18 IST" duration-ms="357" status="PASS">
          <reporter-output>
          </reporter-output>
        </test-method> <!-- tearDown -->
      </class> <!-- Tests.ApproveUser -->
      <class name="Tests.InternshipTest">
        <test-method is-config="true" signature="setUp()[pri:0, instance:Tests.InternshipTest@757277dc]" started-at="2025-01-09T11:17:32 IST" name="setUp" finished-at="2025-01-09T11:17:40 IST" duration-ms="7910" status="PASS">
          <reporter-output>
          </reporter-output>
        </test-method> <!-- setUp -->
        <test-method signature="fillInternshipForm()[pri:0, instance:Tests.InternshipTest@757277dc]" started-at="2025-01-09T11:17:40 IST" name="fillInternshipForm" finished-at="2025-01-09T11:17:42 IST" duration-ms="2064" status="PASS">
          <reporter-output>
          </reporter-output>
        </test-method> <!-- fillInternshipForm -->
        <test-method is-config="true" signature="tearDown()[pri:0, instance:Tests.InternshipTest@757277dc]" started-at="2025-01-09T11:17:42 IST" name="tearDown" finished-at="2025-01-09T11:17:43 IST" duration-ms="358" status="PASS">
          <reporter-output>
          </reporter-output>
        </test-method> <!-- tearDown -->
      </class> <!-- Tests.InternshipTest -->
      <class name="Tests.ResourcesTest">
        <test-method is-config="true" signature="setUp()[pri:0, instance:Tests.ResourcesTest@7494f96a]" started-at="2025-01-09T11:17:18 IST" name="setUp" finished-at="2025-01-09T11:17:26 IST" duration-ms="8001" status="PASS">
          <reporter-output>
          </reporter-output>
        </test-method> <!-- setUp -->
        <test-method signature="validateNavigationItems()[pri:1, instance:Tests.ResourcesTest@7494f96a]" started-at="2025-01-09T11:17:26 IST" name="validateNavigationItems" finished-at="2025-01-09T11:17:27 IST" duration-ms="145" status="PASS">
          <reporter-output>
          </reporter-output>
        </test-method> <!-- validateNavigationItems -->
        <test-method signature="validateLoginButtonFunctionality()[pri:2, instance:Tests.ResourcesTest@7494f96a]" started-at="2025-01-09T11:17:27 IST" name="validateLoginButtonFunctionality" finished-at="2025-01-09T11:17:28 IST" duration-ms="1163" status="FAIL">
          <exception class="org.openqa.selenium.ElementClickInterceptedException">
            <message>
              <![CDATA[element click intercepted: Element <button _ngcontent-ng-c2149987414="" routerlink="/login" class="login-button" tabindex="0">...</button> is not clickable at point (1429, 61). Other element would receive the click: <div _ngcontent-ng-c1499588966="" class="popup-container">...</div>
  (Session info: chrome=131.0.6778.265)
Build info: version: '4.12.0', revision: '249f2a7d1b*'
System info: os.name: 'Windows 10', os.arch: 'amd64', os.version: '10.0', java.version: '21.0.5'
Driver info: org.openqa.selenium.chrome.ChromeDriver
Command: [d27f99ffbebacde2526dc7cef70430a0, clickElement {id=f.894DA47378A99E6D25AB44CB6DD06B83.d.99E1135F8600DB645CC4B017A6038024.e.14}]
Capabilities {acceptInsecureCerts: false, browserName: chrome, browserVersion: 131.0.6778.265, chrome: {chromedriverVersion: 131.0.6778.264 (2d05e315153..., userDataDir: C:\Users\Dell\AppData\Local...}, fedcm:accounts: true, goog:chromeOptions: {debuggerAddress: localhost:63940}, networkConnectionEnabled: false, pageLoadStrategy: normal, platformName: windows, proxy: Proxy(), se:cdp: ws://localhost:63940/devtoo..., se:cdpVersion: 131.0.6778.265, setWindowRect: true, strictFileInteractability: false, timeouts: {implicit: 0, pageLoad: 300000, script: 30000}, unhandledPromptBehavior: dismiss and notify, webauthn:extension:credBlob: true, webauthn:extension:largeBlob: true, webauthn:extension:minPinLength: true, webauthn:extension:prf: true, webauthn:virtualAuthenticators: true}
Element: [[ChromeDriver: chrome on windows (d27f99ffbebacde2526dc7cef70430a0)] -> xpath: //button[normalize-space()='Login']]
Session ID: d27f99ffbebacde2526dc7cef70430a0]]>
            </message>
            <full-stacktrace>
              <![CDATA[org.openqa.selenium.ElementClickInterceptedException: element click intercepted: Element <button _ngcontent-ng-c2149987414="" routerlink="/login" class="login-button" tabindex="0">...</button> is not clickable at point (1429, 61). Other element would receive the click: <div _ngcontent-ng-c1499588966="" class="popup-container">...</div>
  (Session info: chrome=131.0.6778.265)
Build info: version: '4.12.0', revision: '249f2a7d1b*'
System info: os.name: 'Windows 10', os.arch: 'amd64', os.version: '10.0', java.version: '21.0.5'
Driver info: org.openqa.selenium.chrome.ChromeDriver
Command: [d27f99ffbebacde2526dc7cef70430a0, clickElement {id=f.894DA47378A99E6D25AB44CB6DD06B83.d.99E1135F8600DB645CC4B017A6038024.e.14}]
Capabilities {acceptInsecureCerts: false, browserName: chrome, browserVersion: 131.0.6778.265, chrome: {chromedriverVersion: 131.0.6778.264 (2d05e315153..., userDataDir: C:\Users\Dell\AppData\Local...}, fedcm:accounts: true, goog:chromeOptions: {debuggerAddress: localhost:63940}, networkConnectionEnabled: false, pageLoadStrategy: normal, platformName: windows, proxy: Proxy(), se:cdp: ws://localhost:63940/devtoo..., se:cdpVersion: 131.0.6778.265, setWindowRect: true, strictFileInteractability: false, timeouts: {implicit: 0, pageLoad: 300000, script: 30000}, unhandledPromptBehavior: dismiss and notify, webauthn:extension:credBlob: true, webauthn:extension:largeBlob: true, webauthn:extension:minPinLength: true, webauthn:extension:prf: true, webauthn:virtualAuthenticators: true}
Element: [[ChromeDriver: chrome on windows (d27f99ffbebacde2526dc7cef70430a0)] -> xpath: //button[normalize-space()='Login']]
Session ID: d27f99ffbebacde2526dc7cef70430a0
at java.base/jdk.internal.reflect.DirectConstructorHandleAccessor.newInstance(DirectConstructorHandleAccessor.java:62)
at java.base/java.lang.reflect.Constructor.newInstanceWithCaller(Constructor.java:502)
at java.base/java.lang.reflect.Constructor.newInstance(Constructor.java:486)
at org.openqa.selenium.remote.codec.w3c.W3CHttpResponseCodec.createException(W3CHttpResponseCodec.java:200)
at org.openqa.selenium.remote.codec.w3c.W3CHttpResponseCodec.decode(W3CHttpResponseCodec.java:133)
at org.openqa.selenium.remote.codec.w3c.W3CHttpResponseCodec.decode(W3CHttpResponseCodec.java:52)
at org.openqa.selenium.remote.HttpCommandExecutor.execute(HttpCommandExecutor.java:191)
at org.openqa.selenium.remote.service.DriverCommandExecutor.invokeExecute(DriverCommandExecutor.java:196)
at org.openqa.selenium.remote.service.DriverCommandExecutor.execute(DriverCommandExecutor.java:171)
at org.openqa.selenium.remote.RemoteWebDriver.execute(RemoteWebDriver.java:602)
at org.openqa.selenium.remote.RemoteWebElement.execute(RemoteWebElement.java:224)
at org.openqa.selenium.remote.RemoteWebElement.click(RemoteWebElement.java:77)
at Tests.ResourcesTest.validateLoginButtonFunctionality(ResourcesTest.java:57)
at java.base/jdk.internal.reflect.DirectMethodHandleAccessor.invoke(DirectMethodHandleAccessor.java:103)
at java.base/java.lang.reflect.Method.invoke(Method.java:580)
at org.testng.internal.invokers.MethodInvocationHelper.invokeMethod(MethodInvocationHelper.java:139)
at org.testng.internal.invokers.TestInvoker.invokeMethod(TestInvoker.java:677)
at org.testng.internal.invokers.TestInvoker.invokeTestMethod(TestInvoker.java:221)
at org.testng.internal.invokers.MethodRunner.runInSequence(MethodRunner.java:50)
at org.testng.internal.invokers.TestInvoker$MethodInvocationAgent.invoke(TestInvoker.java:969)
at org.testng.internal.invokers.TestInvoker.invokeTestMethods(TestInvoker.java:194)
at org.testng.internal.invokers.TestMethodWorker.invokeTestMethods(TestMethodWorker.java:148)
at org.testng.internal.invokers.TestMethodWorker.run(TestMethodWorker.java:128)
at java.base/java.util.ArrayList.forEach(ArrayList.java:1596)
at org.testng.TestRunner.privateRun(TestRunner.java:829)
at org.testng.TestRunner.run(TestRunner.java:602)
at org.testng.SuiteRunner.runTest(SuiteRunner.java:437)
at org.testng.SuiteRunner.runSequentially(SuiteRunner.java:431)
at org.testng.SuiteRunner.privateRun(SuiteRunner.java:391)
at org.testng.SuiteRunner.run(SuiteRunner.java:330)
at org.testng.SuiteRunnerWorker.runSuite(SuiteRunnerWorker.java:52)
at org.testng.SuiteRunnerWorker.run(SuiteRunnerWorker.java:95)
at org.testng.TestNG.runSuitesSequentially(TestNG.java:1256)
at org.testng.TestNG.runSuitesLocally(TestNG.java:1176)
at org.testng.TestNG.runSuites(TestNG.java:1099)
at org.testng.TestNG.run(TestNG.java:1067)
at org.testng.remote.AbstractRemoteTestNG.run(AbstractRemoteTestNG.java:115)
at org.testng.remote.RemoteTestNG.initAndRun(RemoteTestNG.java:293)
at org.testng.remote.RemoteTestNG.main(RemoteTestNG.java:91)
]]>
            </full-stacktrace>
          </exception> <!-- org.openqa.selenium.ElementClickInterceptedException -->
          <reporter-output>
          </reporter-output>
        </test-method> <!-- validateLoginButtonFunctionality -->
        <test-method is-config="true" signature="tearDown()[pri:0, instance:Tests.ResourcesTest@7494f96a]" started-at="2025-01-09T11:17:28 IST" name="tearDown" finished-at="2025-01-09T11:17:28 IST" duration-ms="318" status="PASS">
          <reporter-output>
          </reporter-output>
        </test-method> <!-- tearDown -->
      </class> <!-- Tests.ResourcesTest -->
      <class name="Tests.AcchajobTest">
        <test-method is-config="true" signature="setupDriver()[pri:0, instance:Tests.AcchajobTest@5c671d7f]" started-at="2025-01-09T11:16:17 IST" name="setupDriver" finished-at="2025-01-09T11:16:22 IST" duration-ms="5403" status="PASS">
          <reporter-output>
          </reporter-output>
        </test-method> <!-- setupDriver -->
        <test-method signature="searchJobTest()[pri:1, instance:Tests.AcchajobTest@5c671d7f]" started-at="2025-01-09T11:17:28 IST" name="searchJobTest" finished-at="2025-01-09T11:17:28 IST" duration-ms="313" status="PASS">
          <reporter-output>
          </reporter-output>
        </test-method> <!-- searchJobTest -->
        <test-method signature="adminLoginTest()[pri:3, instance:Tests.AcchajobTest@5c671d7f]" started-at="2025-01-09T11:17:28 IST" name="adminLoginTest" finished-at="2025-01-09T11:17:32 IST" duration-ms="3888" status="PASS">
          <reporter-output>
          </reporter-output>
        </test-method> <!-- adminLoginTest -->
        <test-method is-config="true" signature="tearDownDriver()[pri:0, instance:Tests.AcchajobTest@5c671d7f]" started-at="2025-01-09T11:17:49 IST" name="tearDownDriver" finished-at="2025-01-09T11:17:49 IST" duration-ms="313" status="PASS">
          <reporter-output>
          </reporter-output>
        </test-method> <!-- tearDownDriver -->
      </class> <!-- Tests.AcchajobTest -->
    </test> <!-- Test -->
  </suite> <!-- Suite -->
</testng-results>
